[{"line":1,"elements":[{"line":3,"name":"","description":"","type":"background","keyword":"Background","steps":[{"result":{"duration":226671000,"status":"passed"},"line":4,"name":"User is on retail website","match":{"location":"tek.sdet.framework.steps.HomeSteps.userIsOnRetailWebsite()"},"keyword":"Given "},{"result":{"duration":470295000,"status":"passed"},"line":5,"name":"User click on Sign in option","match":{"location":"tek.sdet.framework.steps.SignInSteps.userClickOnSignInOption()"},"keyword":"Then "},{"result":{"duration":2108124000,"status":"passed"},"line":6,"name":"User enter email 'ana.bog2888@gmail.com' and password 'Ana_bOg2828'","match":{"arguments":[{"val":"'ana.bog2888@gmail.com'","offset":17},{"val":"'Ana_bOg2828'","offset":54}],"location":"tek.sdet.framework.steps.SignInSteps.userEnterEmailAndPassword(java.lang.String,java.lang.String)"},"keyword":"And "},{"result":{"duration":991909000,"status":"passed"},"line":7,"name":"User click on login button","match":{"location":"tek.sdet.framework.steps.SignInSteps.userClickOnLoginButton()"},"keyword":"And "},{"result":{"duration":1938473000,"status":"passed"},"line":8,"name":"User should be logged in into Account","match":{"location":"tek.sdet.framework.steps.SignInSteps.userShouldBeLoggedInIntoAccount()"},"keyword":"Then "}]},{"start_timestamp":"2023-02-27T22:56:09.258Z","before":[{"result":{"duration":8610785000,"status":"passed"},"match":{"location":"tek.sdet.framework.base.BaseUITest.setupTests()"}}],"line":66,"name":"Verify User can remove Address from Account","description":"","id":"retail-application-account-feature;verify-user-can-remove-address-from-account","after":[{"result":{"error_message":"org.openqa.selenium.NoSuchWindowException: no such window: target window already closed\nfrom unknown error: web view not found\n  (Session info: chrome=110.0.5481.100)\nBuild info: version: '4.4.0', revision: 'e5c75ed026a'\nSystem info: host: 'Anastasiias-Air', ip: '2600:4040:452d:6700:c802:4c42:61a6:f603%en0', os.name: 'Mac OS X', os.arch: 'x86_64', os.version: '13.0.1', java.version: '17.0.4.1'\nDriver info: org.openqa.selenium.chrome.ChromeDriver\nCommand: [399424d15e2bfb4bd31f66ec7ad45241, screenshot {}]\nCapabilities {acceptInsecureCerts: false, browserName: chrome, browserVersion: 110.0.5481.100, chrome: {chromedriverVersion: 110.0.5481.77 (65ed616c6e8e..., userDataDir: /var/folders/mh/t0xc98v9653...}, goog:chromeOptions: {debuggerAddress: localhost:52839}, networkConnectionEnabled: false, pageLoadStrategy: normal, platformName: MAC, proxy: Proxy(), se:cdp: ws://localhost:52839/devtoo..., se:cdpVersion: 110.0.5481.100, setWindowRect: true, strictFileInteractability: false, timeouts: {implicit: 0, pageLoad: 300000, script: 30000}, unhandledPromptBehavior: dismiss and notify, webauthn:extension:credBlob: true, webauthn:extension:largeBlob: true, webauthn:virtualAuthenticators: true}\nSession ID: 399424d15e2bfb4bd31f66ec7ad45241\n\tat jdk.internal.reflect.GeneratedConstructorAccessor25.newInstance(Unknown Source)\n\tat java.base/jdk.internal.reflect.DelegatingConstructorAccessorImpl.newInstance(DelegatingConstructorAccessorImpl.java:45)\n\tat java.base/java.lang.reflect.Constructor.newInstanceWithCaller(Constructor.java:499)\n\tat java.base/java.lang.reflect.Constructor.newInstance(Constructor.java:480)\n\tat org.openqa.selenium.remote.codec.w3c.W3CHttpResponseCodec.createException(W3CHttpResponseCodec.java:200)\n\tat org.openqa.selenium.remote.codec.w3c.W3CHttpResponseCodec.decode(W3CHttpResponseCodec.java:133)\n\tat org.openqa.selenium.remote.codec.w3c.W3CHttpResponseCodec.decode(W3CHttpResponseCodec.java:53)\n\tat org.openqa.selenium.remote.HttpCommandExecutor.execute(HttpCommandExecutor.java:184)\n\tat org.openqa.selenium.remote.service.DriverCommandExecutor.invokeExecute(DriverCommandExecutor.java:167)\n\tat org.openqa.selenium.remote.service.DriverCommandExecutor.execute(DriverCommandExecutor.java:142)\n\tat org.openqa.selenium.remote.RemoteWebDriver.execute(RemoteWebDriver.java:547)\n\tat org.openqa.selenium.remote.RemoteWebDriver.execute(RemoteWebDriver.java:602)\n\tat org.openqa.selenium.remote.RemoteWebDriver.execute(RemoteWebDriver.java:606)\n\tat org.openqa.selenium.remote.RemoteWebDriver.getScreenshotAs(RemoteWebDriver.java:331)\n\tat tek.sdet.framework.utilities.CommonUtility.takeScreenShotAsBytes(CommonUtility.java:56)\n\tat tek.sdet.framework.base.BaseUITest.closeTests(BaseUITest.java:20)\n","duration":13994000,"status":"failed"},"match":{"location":"tek.sdet.framework.base.BaseUITest.closeTests(io.cucumber.java.Scenario)"}}],"type":"scenario","keyword":"Scenario","steps":[{"result":{"duration":2118259000,"status":"passed"},"line":67,"name":"User click on Account option","match":{"location":"tek.sdet.framework.steps.RetailAccountSteps.userClickOnAccountOption()"},"keyword":"When "},{"result":{"error_message":"org.openqa.selenium.NoSuchWindowException: no such window: target window already closed\nfrom unknown error: web view not found\n  (Session info: chrome=110.0.5481.100)\nBuild info: version: '4.4.0', revision: 'e5c75ed026a'\nSystem info: host: 'Anastasiias-Air', ip: '2600:4040:452d:6700:c802:4c42:61a6:f603%en0', os.name: 'Mac OS X', os.arch: 'x86_64', os.version: '13.0.1', java.version: '17.0.4.1'\nDriver info: org.openqa.selenium.chrome.ChromeDriver\nCommand: [399424d15e2bfb4bd31f66ec7ad45241, findElement {using=xpath, value=//button[contains(text(),'Remove')]}]\nCapabilities {acceptInsecureCerts: false, browserName: chrome, browserVersion: 110.0.5481.100, chrome: {chromedriverVersion: 110.0.5481.77 (65ed616c6e8e..., userDataDir: /var/folders/mh/t0xc98v9653...}, goog:chromeOptions: {debuggerAddress: localhost:52839}, networkConnectionEnabled: false, pageLoadStrategy: normal, platformName: MAC, proxy: Proxy(), se:cdp: ws://localhost:52839/devtoo..., se:cdpVersion: 110.0.5481.100, setWindowRect: true, strictFileInteractability: false, timeouts: {implicit: 0, pageLoad: 300000, script: 30000}, unhandledPromptBehavior: dismiss and notify, webauthn:extension:credBlob: true, webauthn:extension:largeBlob: true, webauthn:virtualAuthenticators: true}\nSession ID: 399424d15e2bfb4bd31f66ec7ad45241\n\tat jdk.internal.reflect.GeneratedConstructorAccessor25.newInstance(Unknown Source)\n\tat java.base/jdk.internal.reflect.DelegatingConstructorAccessorImpl.newInstance(DelegatingConstructorAccessorImpl.java:45)\n\tat java.base/java.lang.reflect.Constructor.newInstanceWithCaller(Constructor.java:499)\n\tat java.base/java.lang.reflect.Constructor.newInstance(Constructor.java:480)\n\tat org.openqa.selenium.remote.codec.w3c.W3CHttpResponseCodec.createException(W3CHttpResponseCodec.java:200)\n\tat org.openqa.selenium.remote.codec.w3c.W3CHttpResponseCodec.decode(W3CHttpResponseCodec.java:133)\n\tat org.openqa.selenium.remote.codec.w3c.W3CHttpResponseCodec.decode(W3CHttpResponseCodec.java:53)\n\tat org.openqa.selenium.remote.HttpCommandExecutor.execute(HttpCommandExecutor.java:184)\n\tat org.openqa.selenium.remote.service.DriverCommandExecutor.invokeExecute(DriverCommandExecutor.java:167)\n\tat org.openqa.selenium.remote.service.DriverCommandExecutor.execute(DriverCommandExecutor.java:142)\n\tat org.openqa.selenium.remote.RemoteWebDriver.execute(RemoteWebDriver.java:547)\n\tat org.openqa.selenium.remote.ElementLocation$ElementFinder$2.findElement(ElementLocation.java:162)\n\tat org.openqa.selenium.remote.ElementLocation.findElement(ElementLocation.java:60)\n\tat org.openqa.selenium.remote.RemoteWebDriver.findElement(RemoteWebDriver.java:365)\n\tat org.openqa.selenium.remote.RemoteWebDriver.findElement(RemoteWebDriver.java:357)\n\tat org.openqa.selenium.support.pagefactory.DefaultElementLocator.findElement(DefaultElementLocator.java:70)\n\tat org.openqa.selenium.support.pagefactory.internal.LocatingElementHandler.invoke(LocatingElementHandler.java:39)\n\tat jdk.proxy2/jdk.proxy2.$Proxy25.toString(Unknown Source)\n\tat java.base/java.lang.String.valueOf(String.java:4218)\n\tat java.base/java.lang.StringBuilder.append(StringBuilder.java:173)\n\tat org.openqa.selenium.support.ui.ExpectedConditions$23.toString(ExpectedConditions.java:673)\n\tat java.base/java.lang.String.valueOf(String.java:4218)\n\tat java.base/java.lang.StringBuilder.append(StringBuilder.java:173)\n\tat org.openqa.selenium.support.ui.FluentWait.until(FluentWait.java:229)\n\tat tek.sdet.framework.utilities.CommonUtility.waitTillClickable(CommonUtility.java:28)\n\tat tek.sdet.framework.utilities.CommonUtility.click(CommonUtility.java:44)\n\tat tek.sdet.framework.steps.RetailAccountSteps.userClickOnRemoveOptionOfAddressSection(RetailAccountSteps.java:196)\n\tat âœ½.User click on remove option of Address section(classpath:features/RetailAccount.feature:68)\n","duration":20078082000,"status":"failed"},"line":68,"name":"User click on remove option of Address section","match":{"location":"tek.sdet.framework.steps.RetailAccountSteps.userClickOnRemoveOptionOfAddressSection()"},"keyword":"And "},{"result":{"duration":215000,"status":"skipped"},"line":69,"name":"Address details should be removed","match":{"location":"tek.sdet.framework.steps.RetailAccountSteps.addressDetailsShouldBeRemoved()"},"keyword":"Then "}],"tags":[{"name":"@dryRun"}]}],"name":"Retail Application Account Feature","description":"","id":"retail-application-account-feature","keyword":"Feature","uri":"classpath:features/RetailAccount.feature","tags":[]}]